0 info it worked if it ends with ok
1 verbose cli [ '/usr/local/bin/node',
1 verbose cli   '/usr/local/bin/npm',
1 verbose cli   '--no-update-notifier',
1 verbose cli   '--no-fund',
1 verbose cli   'start',
1 verbose cli   '--cache',
1 verbose cli   '/data/.npm',
1 verbose cli   '--',
1 verbose cli   '--userDir',
1 verbose cli   '/data' ]
2 info using npm@6.14.12
3 info using node@v10.24.1
4 verbose config Skipping project config: /usr/src/node-red/.npmrc. (matches userconfig)
5 verbose stack Error: missing script: start
5 verbose stack     at run (/usr/local/lib/node_modules/npm/lib/run-script.js:155:19)
5 verbose stack     at /usr/local/lib/node_modules/npm/lib/run-script.js:63:5
5 verbose stack     at /usr/local/lib/node_modules/npm/node_modules/read-package-json/read-json.js:116:5
5 verbose stack     at /usr/local/lib/node_modules/npm/node_modules/read-package-json/read-json.js:436:5
5 verbose stack     at checkBinReferences_ (/usr/local/lib/node_modules/npm/node_modules/read-package-json/read-json.js:391:45)
5 verbose stack     at final (/usr/local/lib/node_modules/npm/node_modules/read-package-json/read-json.js:434:3)
5 verbose stack     at then (/usr/local/lib/node_modules/npm/node_modules/read-package-json/read-json.js:161:5)
5 verbose stack     at ReadFileContext.<anonymous> (/usr/local/lib/node_modules/npm/node_modules/read-package-json/read-json.js:350:20)
5 verbose stack     at ReadFileContext.callback (/usr/local/lib/node_modules/npm/node_modules/graceful-fs/graceful-fs.js:123:16)
5 verbose stack     at FSReqWrap.readFileAfterOpen [as oncomplete] (fs.js:237:13)
6 verbose cwd /usr/src/node-red
7 verbose Linux 5.10.17-v7l+
8 verbose argv "/usr/local/bin/node" "/usr/local/bin/npm" "--no-update-notifier" "--no-fund" "start" "--cache" "/data/.npm" "--" "--userDir" "/data"
9 verbose node v10.24.1
10 verbose npm  v6.14.12
11 error missing script: start
12 verbose exit [ 1, true ]
